#
# A fatal error has been detected by the Java Runtime Environment:
#
#  Internal Error (t:/workspace/open/src/hotspot/share/oops/generateOopMap.cpp:2164), pid=8516, tid=19376
#  fatal error: Illegal class file encountered. Try running with -Xverify:all in method main
#
# JRE version: Java(TM) SE Runtime Environment (11.0.2+9) (build 11.0.2+9-LTS)
# Java VM: Java HotSpot(TM) 64-Bit Server VM (11.0.2+9-LTS, mixed mode, tiered, compressed oops, g1 gc, windows-amd64)
# No core dump will be written. Minidumps are not enabled by default on client versions of Windows
#
# If you would like to submit a bug report, please visit:
#   http://bugreport.java.com/bugreport/crash.jsp
#

---------------  S U M M A R Y ------------

Command Line: -agentlib:jdwp=transport=dt_socket,suspend=y,address=localhost:54703 -javaagent:D:\eclipse\configuration\org.eclipse.osgi\412\0\.cp\lib\javaagent-shaded.jar -Dfile.encoding=UTF-8 com.maven.RART.App

Host: Intel(R) Core(TM) i5-6500 CPU @ 3.20GHz, 4 cores, 7G,  Windows 10 , 64 bit Build 18362 (10.0.18362.329)
Time: Sun Apr 26 16:51:20 2020 ?D1¨²¡À¨º¡Á?¨º¡À?? elapsed time: 349323 seconds (4d 1h 2m 3s)

---------------  T H R E A D  ---------------

Current thread (0x000001ea71aba000):  GCTaskThread "GC Thread#1" [stack: 0x000000479df00000,0x000000479e000000] [id=19376]

Stack: [0x000000479df00000,0x000000479e000000]
[error occurred during error reporting (printing stack bounds), id 0xc0000005, EXCEPTION_ACCESS_VIOLATION (0xc0000005) at pc=0x000001ea5a110bad]

Native frames: (J=compiled Java code, j=interpreted, Vv=VM code, C=native code)
V  [jvm.dll+0x63574a]
V  [jvm.dll+0x77326f]
V  [jvm.dll+0x77491a]
V  [jvm.dll+0x774f35]
V  [jvm.dll+0x774eeb]
V  [jvm.dll+0x634e56]
V  [jvm.dll+0x635218]
C  [ntdll.dll+0xa121f]
C  [ntdll.dll+0x6a289]
C  [ntdll.dll+0x9fe8e]
C  0x000001ea5a110bad

JavaThread 0x000001ea505fa000 (nid = 17804) was being processed
Java frames: (J=compiled Java code, j=interpreted, Vv=VM code)
j  com.maven.RART.App.main([Ljava/lang/String;)V+200
v  ~StubRoutines::call_stub

---------------  P R O C E S S  ---------------

Threads class SMR info:
_java_thread_list=0x000001ea715286c0, length=13, elements={
0x000001ea505fa000, 0x000001ea708c4800, 0x000001ea708ce800, 0x000001ea711a2000,
0x000001ea711a3000, 0x000001ea711ad000, 0x000001ea708e3000, 0x000001ea708e5000,
0x000001ea71323800, 0x000001ea71605800, 0x000001ea71606000, 0x000001ea7158a800,
0x000001ea71484000
}

Java Threads: ( => current thread )
  0x000001ea505fa000 JavaThread "main" [_thread_blocked, id=17804, stack(0x000000479e200000,0x000000479e300000)]
  0x000001ea708c4800 JavaThread "Reference Handler" daemon [_thread_blocked, id=16276, stack(0x000000479e900000,0x000000479ea00000)]
  0x000001ea708ce800 JavaThread "Finalizer" daemon [_thread_blocked, id=10032, stack(0x000000479ea00000,0x000000479eb00000)]
  0x000001ea711a2000 JavaThread "Signal Dispatcher" daemon [_thread_blocked, id=10476, stack(0x000000479eb00000,0x000000479ec00000)]
  0x000001ea711a3000 JavaThread "Attach Listener" daemon [_thread_blocked, id=19260, stack(0x000000479ec00000,0x000000479ed00000)]
  0x000001ea711ad000 JavaThread "C2 CompilerThread0" daemon [_thread_blocked, id=15832, stack(0x000000479ed00000,0x000000479ee00000)]
  0x000001ea708e3000 JavaThread "C1 CompilerThread0" daemon [_thread_blocked, id=13956, stack(0x000000479ee00000,0x000000479ef00000)]
  0x000001ea708e5000 JavaThread "Sweeper thread" daemon [_thread_blocked, id=10924, stack(0x000000479ef00000,0x000000479f000000)]
  0x000001ea71323800 JavaThread "Common-Cleaner" daemon [_thread_blocked, id=16180, stack(0x000000479f000000,0x000000479f100000)]
  0x000001ea71605800 JavaThread "JDWP Transport Listener: dt_socket" daemon [_thread_blocked, id=13972, stack(0x000000479f100000,0x000000479f200000)]
  0x000001ea71606000 JavaThread "JDWP Event Helper Thread" daemon [_thread_blocked, id=8616, stack(0x000000479f200000,0x000000479f300000)]
  0x000001ea7158a800 JavaThread "JDWP Command Reader" daemon [_thread_in_native, id=9472, stack(0x000000479f300000,0x000000479f400000)]
  0x000001ea71484000 JavaThread "Service Thread" daemon [_thread_blocked, id=8748, stack(0x000000479f400000,0x000000479f500000)]

Other Threads:
  0x000001ea7089f000 VMThread "VM Thread" [stack: 0x000000479e800000,0x000000479e900000] [id=18476]
  0x000001ea71542000 WatcherThread [stack: 0x000000479f500000,0x000000479f600000] [id=10720]
  0x000001ea50610800 GCTaskThread "GC Thread#0" [stack: 0x000000479e300000,0x000000479e400000] [id=19276]
=>0x000001ea71aba000 GCTaskThread "GC Thread#1" [stack: 0x000000479df00000,0x000000479e000000] [id=19376]
  0x000001ea71ab8800 GCTaskThread "GC Thread#2" [stack: 0x000000479e000000,0x000000479e100000] [id=20384]
  0x000001ea50640000 ConcurrentGCThread "G1 Main Marker" [stack: 0x000000479e400000,0x000000479e500000] [id=2472]
  0x000001ea50645800 ConcurrentGCThread "G1 Conc#0" [stack: 0x000000479e500000,0x000000479e600000] [id=14376]
  0x000001ea70708800 ConcurrentGCThread "G1 Refine#0" [stack: 0x000000479e600000,0x000000479e700000] [id=18668]
  0x000001ea70709800 ConcurrentGCThread "G1 Young RemSet Sampling" [stack: 0x000000479e700000,0x000000479e800000] [id=14528]

Threads with active compile tasks:

VM state:at safepoint (normal execution)

VM Mutex/Monitor currently owned by a thread:  ([mutex/lock_event])
[0x000001ea505f5440] Threads_lock - owner thread: 0x000001ea7089f000
[0x000001ea505f5290] Heap_lock - owner thread: 0x000001ea71605800

Heap address: 0x0000000081c00000, size: 2020 MB, Compressed Oops mode: 32-bit
Narrow klass base: 0x0000000000000000, Narrow klass shift: 3
Compressed class space size: 1073741824 Address: 0x0000000100000000

Heap:
 garbage-first heap   total 131072K, used 14336K [0x0000000081c00000, 0x0000000100000000)
  region size 1024K, 16 young (16384K), 2 survivors (2048K)
 Metaspace       used 11882K, capacity 12108K, committed 12160K, reserved 1060864K
  class space    used 1066K, capacity 1138K, committed 1152K, reserved 1048576K
Heap Regions: E=young(eden), S=young(survivor), O=old, HS=humongous(starts), HC=humongous(continues), CS=collection set, F=free, A=archive, TAMS=top-at-mark-start (previous, next)
|   0|0x0000000081c00000, 0x0000000081c72b58, 0x0000000081d00000| 44%| O|  |TAMS 0x0000000081c00000, 0x0000000081c00000| Untracked 
|   1|0x0000000081d00000, 0x0000000081d00000, 0x0000000081e00000|  0%| F|  |TAMS 0x0000000081d00000, 0x0000000081d00000| Untracked 
|   2|0x0000000081e00000, 0x0000000081e00000, 0x0000000081f00000|  0%| F|  |TAMS 0x0000000081e00000, 0x0000000081e00000| Untracked 
|   3|0x0000000081f00000, 0x0000000081f00000, 0x0000000082000000|  0%| F|  |TAMS 0x0000000081f00000, 0x0000000081f00000| Untracked 
|   4|0x0000000082000000, 0x0000000082000000, 0x0000000082100000|  0%| F|  |TAMS 0x0000000082000000, 0x0000000082000000| Untracked 
|   5|0x0000000082100000, 0x0000000082100000, 0x0000000082200000|  0%| F|  |TAMS 0x0000000082100000, 0x0000000082100000| Untracked 
|   6|0x0000000082200000, 0x0000000082200000, 0x0000000082300000|  0%| F|  |TAMS 0x0000000082200000, 0x0000000082200000| Untracked 
|   7|0x0000000082300000, 0x0000000082300000, 0x0000000082400000|  0%| F|  |TAMS 0x0000000082300000, 0x0000000082300000| Untracked 
|   8|0x0000000082400000, 0x0000000082400000, 0x0000000082500000|  0%| F|  |TAMS 0x0000000082400000, 0x0000000082400000| Untracked 
|   9|0x0000000082500000, 0x0000000082500000, 0x0000000082600000|  0%| F|  |TAMS 0x0000000082500000, 0x0000000082500000| Untracked 
|  10|0x0000000082600000, 0x0000000082600000, 0x0000000082700000|  0%| F|  |TAMS 0x0000000082600000, 0x0000000082600000| Untracked 
|  11|0x0000000082700000, 0x0000000082700000, 0x0000000082800000|  0%| F|  |TAMS 0x0000000082700000, 0x0000000082700000| Untracked 
|  12|0x0000000082800000, 0x0000000082800000, 0x0000000082900000|  0%| F|  |TAMS 0x0000000082800000, 0x0000000082800000| Untracked 
|  13|0x0000000082900000, 0x0000000082900000, 0x0000000082a00000|  0%| F|  |TAMS 0x0000000082900000, 0x0000000082900000| Untracked 
|  14|0x0000000082a00000, 0x0000000082a00000, 0x0000000082b00000|  0%| F|  |TAMS 0x0000000082a00000, 0x0000000082a00000| Untracked 
|  15|0x0000000082b00000, 0x0000000082b00000, 0x0000000082c00000|  0%| F|  |TAMS 0x0000000082b00000, 0x0000000082b00000| Untracked 
|  16|0x0000000082c00000, 0x0000000082c00000, 0x0000000082d00000|  0%| F|  |TAMS 0x0000000082c00000, 0x0000000082c00000| Untracked 
|  17|0x0000000082d00000, 0x0000000082d00000, 0x0000000082e00000|  0%| F|  |TAMS 0x0000000082d00000, 0x0000000082d00000| Untracked 
|  18|0x0000000082e00000, 0x0000000082e00000, 0x0000000082f00000|  0%| F|  |TAMS 0x0000000082e00000, 0x0000000082e00000| Untracked 
|  19|0x0000000082f00000, 0x0000000082f00000, 0x0000000083000000|  0%| F|  |TAMS 0x0000000082f00000, 0x0000000082f00000| Untracked 
|  20|0x0000000083000000, 0x0000000083000000, 0x0000000083100000|  0%| F|  |TAMS 0x0000000083000000, 0x0000000083000000| Untracked 
|  21|0x0000000083100000, 0x0000000083100000, 0x0000000083200000|  0%| F|  |TAMS 0x0000000083100000, 0x0000000083100000| Untracked 
|  22|0x0000000083200000, 0x0000000083200000, 0x0000000083300000|  0%| F|  |TAMS 0x0000000083200000, 0x0000000083200000| Untracked 
|  23|0x0000000083300000, 0x0000000083300000, 0x0000000083400000|  0%| F|  |TAMS 0x0000000083300000, 0x0000000083300000| Untracked 
|  24|0x0000000083400000, 0x0000000083400000, 0x0000000083500000|  0%| F|  |TAMS 0x0000000083400000, 0x0000000083400000| Untracked 
|  25|0x0000000083500000, 0x0000000083500000, 0x0000000083600000|  0%| F|  |TAMS 0x0000000083500000, 0x0000000083500000| Untracked 
|  26|0x0000000083600000, 0x0000000083600000, 0x0000000083700000|  0%| F|  |TAMS 0x0000000083600000, 0x0000000083600000| Untracked 
|  27|0x0000000083700000, 0x0000000083700000, 0x0000000083800000|  0%| F|  |TAMS 0x0000000083700000, 0x0000000083700000| Untracked 
|  28|0x0000000083800000, 0x0000000083800000, 0x0000000083900000|  0%| F|  |TAMS 0x0000000083800000, 0x0000000083800000| Untracked 
|  29|0x0000000083900000, 0x0000000083900000, 0x0000000083a00000|  0%| F|  |TAMS 0x0000000083900000, 0x0000000083900000| Untracked 
|  30|0x0000000083a00000, 0x0000000083a00000, 0x0000000083b00000|  0%| F|  |TAMS 0x0000000083a00000, 0x0000000083a00000| Untracked 
|  31|0x0000000083b00000, 0x0000000083b00000, 0x0000000083c00000|  0%| F|  |TAMS 0x0000000083b00000, 0x0000000083b00000| Untracked 
|  32|0x0000000083c00000, 0x0000000083c00000, 0x0000000083d00000|  0%| F|  |TAMS 0x0000000083c00000, 0x0000000083c00000| Untracked 
|  33|0x0000000083d00000, 0x0000000083d00000, 0x0000000083e00000|  0%| F|  |TAMS 0x0000000083d00000, 0x0000000083d00000| Untracked 
|  34|0x0000000083e00000, 0x0000000083e00000, 0x0000000083f00000|  0%| F|  |TAMS 0x0000000083e00000, 0x0000000083e00000| Untracked 
|  35|0x0000000083f00000, 0x0000000083f00000, 0x0000000084000000|  0%| F|  |TAMS 0x0000000083f00000, 0x0000000083f00000| Untracked 
|  36|0x0000000084000000, 0x0000000084000000, 0x0000000084100000|  0%| F|  |TAMS 0x0000000084000000, 0x0000000084000000| Untracked 
|  37|0x0000000084100000, 0x0000000084100000, 0x0000000084200000|  0%| F|  |TAMS 0x0000000084100000, 0x0000000084100000| Untracked 
|  38|0x0000000084200000, 0x0000000084200000, 0x0000000084300000|  0%| F|  |TAMS 0x0000000084200000, 0x0000000084200000| Untracked 
|  39|0x0000000084300000, 0x0000000084300000, 0x0000000084400000|  0%| F|  |TAMS 0x0000000084300000, 0x0000000084300000| Untracked 
|  40|0x0000000084400000, 0x0000000084400000, 0x0000000084500000|  0%| F|  |TAMS 0x0000000084400000, 0x0000000084400000| Untracked 
|  41|0x0000000084500000, 0x0000000084500000, 0x0000000084600000|  0%| F|  |TAMS 0x0000000084500000, 0x0000000084500000| Untracked 
|  42|0x0000000084600000, 0x0000000084600000, 0x0000000084700000|  0%| F|  |TAMS 0x0000000084600000, 0x0000000084600000| Untracked 
|  43|0x0000000084700000, 0x0000000084700000, 0x0000000084800000|  0%| F|  |TAMS 0x0000000084700000, 0x0000000084700000| Untracked 
|  44|0x0000000084800000, 0x0000000084800000, 0x0000000084900000|  0%| F|  |TAMS 0x0000000084800000, 0x0000000084800000| Untracked 
|  45|0x0000000084900000, 0x0000000084900000, 0x0000000084a00000|  0%| F|  |TAMS 0x0000000084900000, 0x0000000084900000| Untracked 
|  46|0x0000000084a00000, 0x0000000084a00000, 0x0000000084b00000|  0%| F|  |TAMS 0x0000000084a00000, 0x0000000084a00000| Untracked 
|  47|0x0000000084b00000, 0x0000000084b00000, 0x0000000084c00000|  0%| F|  |TAMS 0x0000000084b00000, 0x0000000084b00000| Untracked 
|  48|0x0000000084c00000, 0x0000000084c00000, 0x0000000084d00000|  0%| F|  |TAMS 0x0000000084c00000, 0x0000000084c00000| Untracked 
|  49|0x0000000084d00000, 0x0000000084d00000, 0x0000000084e00000|  0%| F|  |TAMS 0x0000000084d00000, 0x0000000084d00000| Untracked 
|  50|0x0000000084e00000, 0x0000000084e00000, 0x0000000084f00000|  0%| F|  |TAMS 0x0000000084e00000, 0x0000000084e00000| Untracked 
|  51|0x0000000084f00000, 0x0000000084f00000, 0x0000000085000000|  0%| F|  |TAMS 0x0000000084f00000, 0x0000000084f00000| Untracked 
|  52|0x0000000085000000, 0x0000000085000000, 0x0000000085100000|  0%| F|  |TAMS 0x0000000085000000, 0x0000000085000000| Untracked 
|  53|0x0000000085100000, 0x0000000085100000, 0x0000000085200000|  0%| F|  |TAMS 0x0000000085100000, 0x0000000085100000| Untracked 
|  54|0x0000000085200000, 0x0000000085200000, 0x0000000085300000|  0%| F|  |TAMS 0x0000000085200000, 0x0000000085200000| Untracked 
|  55|0x0000000085300000, 0x0000000085300000, 0x0000000085400000|  0%| F|  |TAMS 0x0000000085300000, 0x0000000085300000| Untracked 
|  56|0x0000000085400000, 0x0000000085400000, 0x0000000085500000|  0%| F|  |TAMS 0x0000000085400000, 0x0000000085400000| Untracked 
|  57|0x0000000085500000, 0x0000000085500000, 0x0000000085600000|  0%| F|  |TAMS 0x0000000085500000, 0x0000000085500000| Untracked 
|  58|0x0000000085600000, 0x0000000085600000, 0x0000000085700000|  0%| F|  |TAMS 0x0000000085600000, 0x0000000085600000| Untracked 
|  59|0x0000000085700000, 0x0000000085700000, 0x0000000085800000|  0%| F|  |TAMS 0x0000000085700000, 0x0000000085700000| Untracked 
|  60|0x0000000085800000, 0x0000000085800000, 0x0000000085900000|  0%| F|  |TAMS 0x0000000085800000, 0x0000000085800000| Untracked 
|  61|0x0000000085900000, 0x0000000085900000, 0x0000000085a00000|  0%| F|  |TAMS 0x0000000085900000, 0x0000000085900000| Untracked 
|  62|0x0000000085a00000, 0x0000000085a00000, 0x0000000085b00000|  0%| F|  |TAMS 0x0000000085a00000, 0x0000000085a00000| Untracked 
|  63|0x0000000085b00000, 0x0000000085b00000, 0x0000000085c00000|  0%| F|  |TAMS 0x0000000085b00000, 0x0000000085b00000| Untracked 
|  64|0x0000000085c00000, 0x0000000085c00000, 0x0000000085d00000|  0%| F|  |TAMS 0x0000000085c00000, 0x0000000085c00000| Untracked 
|  65|0x0000000085d00000, 0x0000000085d00000, 0x0000000085e00000|  0%| F|  |TAMS 0x0000000085d00000, 0x0000000085d00000| Untracked 
|  66|0x0000000085e00000, 0x0000000085e00000, 0x0000000085f00000|  0%| F|  |TAMS 0x0000000085e00000, 0x0000000085e00000| Untracked 
|  67|0x0000000085f00000, 0x0000000085f00000, 0x0000000086000000|  0%| F|  |TAMS 0x0000000085f00000, 0x0000000085f00000| Untracked 
|  68|0x0000000086000000, 0x0000000086000000, 0x0000000086100000|  0%| F|  |TAMS 0x0000000086000000, 0x0000000086000000| Untracked 
|  69|0x0000000086100000, 0x0000000086100000, 0x0000000086200000|  0%| F|  |TAMS 0x0000000086100000, 0x0000000086100000| Untracked 
|  70|0x0000000086200000, 0x0000000086200000, 0x0000000086300000|  0%| F|  |TAMS 0x0000000086200000, 0x0000000086200000| Untracked 
|  71|0x0000000086300000, 0x0000000086300000, 0x0000000086400000|  0%| F|  |TAMS 0x0000000086300000, 0x0000000086300000| Untracked 
|  72|0x0000000086400000, 0x0000000086400000, 0x0000000086500000|  0%| F|  |TAMS 0x0000000086400000, 0x0000000086400000| Untracked 
|  73|0x0000000086500000, 0x0000000086500000, 0x0000000086600000|  0%| F|  |TAMS 0x0000000086500000, 0x0000000086500000| Untracked 
|  74|0x0000000086600000, 0x0000000086600000, 0x0000000086700000|  0%| F|  |TAMS 0x0000000086600000, 0x0000000086600000| Untracked 
|  75|0x0000000086700000, 0x0000000086700000, 0x0000000086800000|  0%| F|  |TAMS 0x0000000086700000, 0x0000000086700000| Untracked 
|  76|0x0000000086800000, 0x0000000086800000, 0x0000000086900000|  0%| F|  |TAMS 0x0000000086800000, 0x0000000086800000| Untracked 
|  77|0x0000000086900000, 0x0000000086900000, 0x0000000086a00000|  0%| F|  |TAMS 0x0000000086900000, 0x0000000086900000| Untracked 
|  78|0x0000000086a00000, 0x0000000086a00000, 0x0000000086b00000|  0%| F|  |TAMS 0x0000000086a00000, 0x0000000086a00000| Untracked 
|  79|0x0000000086b00000, 0x0000000086b00000, 0x0000000086c00000|  0%| F|  |TAMS 0x0000000086b00000, 0x0000000086b00000| Untracked 
|  80|0x0000000086c00000, 0x0000000086c00000, 0x0000000086d00000|  0%| F|  |TAMS 0x0000000086c00000, 0x0000000086c00000| Untracked 
|  81|0x0000000086d00000, 0x0000000086d00000, 0x0000000086e00000|  0%| F|  |TAMS 0x0000000086d00000, 0x0000000086d00000| Untracked 
|  82|0x0000000086e00000, 0x0000000086e00000, 0x0000000086f00000|  0%| F|  |TAMS 0x0000000086e00000, 0x0000000086e00000| Untracked 
|  83|0x0000000086f00000, 0x0000000086f00000, 0x0000000087000000|  0%| F|  |TAMS 0x0000000086f00000, 0x0000000086f00000| Untracked 
|  84|0x0000000087000000, 0x0000000087000000, 0x0000000087100000|  0%| F|  |TAMS 0x0000000087000000, 0x0000000087000000| Untracked 
|  85|0x0000000087100000, 0x0000000087100000, 0x0000000087200000|  0%| F|  |TAMS 0x0000000087100000, 0x0000000087100000| Untracked 
|  86|0x0000000087200000, 0x0000000087200000, 0x0000000087300000|  0%| F|  |TAMS 0x0000000087200000, 0x0000000087200000| Untracked 
|  87|0x0000000087300000, 0x0000000087300000, 0x0000000087400000|  0%| F|  |TAMS 0x0000000087300000, 0x0000000087300000| Untracked 
|  88|0x0000000087400000, 0x0000000087400000, 0x0000000087500000|  0%| F|  |TAMS 0x0000000087400000, 0x0000000087400000| Untracked 
|  89|0x0000000087500000, 0x0000000087500000, 0x0000000087600000|  0%| F|  |TAMS 0x0000000087500000, 0x0000000087500000| Untracked 
|  90|0x0000000087600000, 0x0000000087600000, 0x0000000087700000|  0%| F|  |TAMS 0x0000000087600000, 0x0000000087600000| Untracked 
|  91|0x0000000087700000, 0x0000000087700000, 0x0000000087800000|  0%| F|  |TAMS 0x0000000087700000, 0x0000000087700000| Untracked 
|  92|0x0000000087800000, 0x0000000087800000, 0x0000000087900000|  0%| F|  |TAMS 0x0000000087800000, 0x0000000087800000| Untracked 
|  93|0x0000000087900000, 0x0000000087900000, 0x0000000087a00000|  0%| F|  |TAMS 0x0000000087900000, 0x0000000087900000| Untracked 
|  94|0x0000000087a00000, 0x0000000087a00000, 0x0000000087b00000|  0%| F|  |TAMS 0x0000000087a00000, 0x0000000087a00000| Untracked 
|  95|0x0000000087b00000, 0x0000000087b00000, 0x0000000087c00000|  0%| F|  |TAMS 0x0000000087b00000, 0x0000000087b00000| Untracked 
|  96|0x0000000087c00000, 0x0000000087c00000, 0x0000000087d00000|  0%| F|  |TAMS 0x0000000087c00000, 0x0000000087c00000| Untracked 
|  97|0x0000000087d00000, 0x0000000087d00000, 0x0000000087e00000|  0%| F|  |TAMS 0x0000000087d00000, 0x0000000087d00000| Untracked 
|  98|0x0000000087e00000, 0x0000000087e00000, 0x0000000087f00000|  0%| F|  |TAMS 0x0000000087e00000, 0x0000000087e00000| Untracked 
|  99|0x0000000087f00000, 0x0000000087f00000, 0x0000000088000000|  0%| F|  |TAMS 0x0000000087f00000, 0x0000000087f00000| Untracked 
| 100|0x0000000088000000, 0x0000000088000000, 0x0000000088100000|  0%| F|  |TAMS 0x0000000088000000, 0x0000000088000000| Untracked 
| 101|0x0000000088100000, 0x0000000088100000, 0x0000000088200000|  0%| F|  |TAMS 0x0000000088100000, 0x0000000088100000| Untracked 
| 102|0x0000000088200000, 0x0000000088200000, 0x0000000088300000|  0%| F|  |TAMS 0x0000000088200000, 0x0000000088200000| Untracked 
| 103|0x0000000088300000, 0x0000000088300000, 0x0000000088400000|  0%| F|  |TAMS 0x0000000088300000, 0x0000000088300000| Untracked 
| 104|0x0000000088400000, 0x0000000088400000, 0x0000000088500000|  0%| F|  |TAMS 0x0000000088400000, 0x0000000088400000| Untracked 
| 105|0x0000000088500000, 0x0000000088500000, 0x0000000088600000|  0%| F|  |TAMS 0x0000000088500000, 0x0000000088500000| Untracked 
| 106|0x0000000088600000, 0x0000000088600000, 0x0000000088700000|  0%| F|  |TAMS 0x0000000088600000, 0x0000000088600000| Untracked 
| 107|0x0000000088700000, 0x0000000088700000, 0x0000000088800000|  0%| F|  |TAMS 0x0000000088700000, 0x0000000088700000| Untracked 
| 108|0x0000000088800000, 0x0000000088800000, 0x0000000088900000|  0%| F|  |TAMS 0x0000000088800000, 0x0000000088800000| Untracked 
| 109|0x0000000088900000, 0x0000000088900000, 0x0000000088a00000|  0%| F|  |TAMS 0x0000000088900000, 0x0000000088900000| Untracked 
| 110|0x0000000088a00000, 0x0000000088a00000, 0x0000000088b00000|  0%| F|  |TAMS 0x0000000088a00000, 0x0000000088a00000| Untracked 
| 111|0x0000000088b00000, 0x0000000088b00000, 0x0000000088c00000|  0%| F|  |TAMS 0x0000000088b00000, 0x0000000088b00000| Untracked 
| 112|0x0000000088c00000, 0x0000000088d00000, 0x0000000088d00000|100%| S|  |TAMS 0x0000000088c00000, 0x0000000088c00000| Complete 
| 113|0x0000000088d00000, 0x0000000088e00000, 0x0000000088e00000|100%| S|  |TAMS 0x0000000088d00000, 0x0000000088d00000| Complete 
| 114|0x0000000088e00000, 0x0000000088f00000, 0x0000000088f00000|100%| E|CS|TAMS 0x0000000088e00000, 0x0000000088e00000| Complete 
| 115|0x0000000088f00000, 0x0000000089000000, 0x0000000089000000|100%| E|CS|TAMS 0x0000000088f00000, 0x0000000088f00000| Complete 
| 116|0x0000000089000000, 0x0000000089100000, 0x0000000089100000|100%| E|CS|TAMS 0x0000000089000000, 0x0000000089000000| Complete 
| 117|0x0000000089100000, 0x0000000089200000, 0x0000000089200000|100%| E|CS|TAMS 0x0000000089100000, 0x0000000089100000| Complete 
| 118|0x0000000089200000, 0x0000000089300000, 0x0000000089300000|100%| E|CS|TAMS 0x0000000089200000, 0x0000000089200000| Complete 
| 119|0x0000000089300000, 0x0000000089400000, 0x0000000089400000|100%| E|CS|TAMS 0x0000000089300000, 0x0000000089300000| Complete 
| 120|0x0000000089400000, 0x0000000089500000, 0x0000000089500000|100%| E|CS|TAMS 0x0000000089400000, 0x0000000089400000| Complete 
| 121|0x0000000089500000, 0x0000000089600000, 0x0000000089600000|100%| E|CS|TAMS 0x0000000089500000, 0x0000000089500000| Complete 
| 122|0x0000000089600000, 0x0000000089700000, 0x0000000089700000|100%| E|CS|TAMS 0x0000000089600000, 0x0000000089600000| Complete 
| 123|0x0000000089700000, 0x0000000089800000, 0x0000000089800000|100%| E|CS|TAMS 0x0000000089700000, 0x0000000089700000| Complete 
| 124|0x0000000089800000, 0x0000000089900000, 0x0000000089900000|100%| E|CS|TAMS 0x0000000089800000, 0x0000000089800000| Complete 
| 125|0x0000000089900000, 0x0000000089a00000, 0x0000000089a00000|100%| E|CS|TAMS 0x0000000089900000, 0x0000000089900000| Complete 
| 126|0x0000000089a00000, 0x0000000089b00000, 0x0000000089b00000|100%| E|CS|TAMS 0x0000000089a00000, 0x0000000089a00000| Complete 
| 127|0x0000000089b00000, 0x0000000089c00000, 0x0000000089c00000|100%| E|CS|TAMS 0x0000000089b00000, 0x0000000089b00000| Complete 

Card table byte_map: [0x000001ea69b40000,0x000001ea69f40000] _byte_map_base: 0x000001ea69732000

Marking Bits (Prev, Next): (CMBitMap*) 0x000001ea50637308, (CMBitMap*) 0x000001ea50637340
 Prev Bits: [0x000001ea6a340000, 0x000001ea6c2d0000)
 Next Bits: [0x000001ea6c2d0000, 0x000001ea6e260000)

Polling page: 0x000001ea506c0000

Metaspace:

Usage:
  Non-class:     10.71 MB capacity,    10.56 MB ( 99%) used,   139.86 KB (  1%) free+waste,    14.38 KB ( <1%) overhead. 
      Class:      1.11 MB capacity,     1.04 MB ( 94%) used,    65.78 KB (  6%) free+waste,     5.94 KB ( <1%) overhead. 
       Both:     11.82 MB capacity,    11.60 MB ( 98%) used,   205.64 KB (  2%) free+waste,    20.31 KB ( <1%) overhead. 

Virtual space:
  Non-class space:       12.00 MB reserved,      10.75 MB ( 90%) committed 
      Class space:        1.00 GB reserved,       1.13 MB ( <1%) committed 
             Both:        1.01 GB reserved,      11.88 MB (  1%) committed 

Chunk freelists:
   Non-Class:  4.75 KB
       Class:  1.75 KB
        Both:  6.50 KB

CodeHeap 'non-profiled nmethods': size=120064Kb used=473Kb max_used=473Kb free=119590Kb
 bounds [0x000001ea61bd0000, 0x000001ea61e40000, 0x000001ea69110000]
CodeHeap 'profiled nmethods': size=120000Kb used=1506Kb max_used=1647Kb free=118493Kb
 bounds [0x000001ea5a6a0000, 0x000001ea5a910000, 0x000001ea61bd0000]
CodeHeap 'non-nmethods': size=5696Kb used=1170Kb max_used=1236Kb free=4525Kb
 bounds [0x000001ea5a110000, 0x000001ea5a380000, 0x000001ea5a6a0000]
 total_blobs=1450 nmethods=774 adapters=310
 compilation: enabled
              stopped_count=0, restarted_count=0
 full_count=0

Compilation events (10 events):
Event: 172788.960 Thread 0x000001ea708e3000  859       3       org.eclipse.jdt.launching.internal.org.objectweb.asm.ClassReader::getFirstAttributeOffset (136 bytes)
Event: 172788.966 Thread 0x000001ea708e3000 nmethod 859 0x000001ea5a6a8110 code [0x000001ea5a6a8360, 0x000001ea5a6a8ca0]
Event: 172806.113 Thread 0x000001ea708e3000  860       3       org.eclipse.jdt.launching.internal.org.objectweb.asm.ClassReader::<init> (371 bytes)
Event: 172806.113 Thread 0x000001ea711ad000  861       4       org.eclipse.jdt.launching.internal.org.objectweb.asm.MethodWriter::visitLabel (328 bytes)
Event: 172806.127 Thread 0x000001ea708e3000 nmethod 860 0x000001ea5a6bb210 code [0x000001ea5a6bb560, 0x000001ea5a6bcd80]
Event: 172806.128 Thread 0x000001ea711ad000 nmethod 861 0x000001ea61bdd690 code [0x000001ea61bdd840, 0x000001ea61bddeb8]
Event: 172806.128 Thread 0x000001ea711ad000  862       4       org.eclipse.jdt.launching.internal.org.objectweb.asm.Label::resolve (219 bytes)
Event: 172806.135 Thread 0x000001ea711ad000 nmethod 862 0x000001ea61bf2810 code [0x000001ea61bf29c0, 0x000001ea61bf2e38]
Event: 349262.323 Thread 0x000001ea711ad000  863       4       org.eclipse.jdt.launching.internal.org.objectweb.asm.ClassReader::readCode (5089 bytes)
Event: 349263.206 Thread 0x000001ea711ad000 nmethod 863 0x000001ea61c33e10 code [0x000001ea61c34680, 0x000001ea61c41aa0]

GC Heap History (1 events):
Event: 349323.062 GC heap before
{Heap before GC invocations=0 (full 0):
 garbage-first heap   total 131072K, used 14336K [0x0000000081c00000, 0x0000000100000000)
  region size 1024K, 14 young (14336K), 0 survivors (0K)
 Metaspace       used 11882K, capacity 12108K, committed 12160K, reserved 1060864K
  class space    used 1066K, capacity 1138K, committed 1152K, reserved 1048576K
}

Deoptimization events (7 events):
Event: 0.414 Thread 0x000001ea505fa000 Uncommon trap: reason=unstable_if action=reinterpret pc=0x000001ea61bd8ca0 method=java.lang.String.isLatin1()Z @ 10 c2
Event: 0.414 Thread 0x000001ea505fa000 Uncommon trap: reason=unstable_if action=reinterpret pc=0x000001ea61bd5e78 method=java.lang.String.isLatin1()Z @ 10 c2
Event: 0.474 Thread 0x000001ea505fa000 Uncommon trap: reason=unstable_if action=reinterpret pc=0x000001ea61bf4274 method=java.lang.String.<init>([CIILjava/lang/Void;)V @ 5 c2
Event: 0.563 Thread 0x000001ea505fa000 Uncommon trap: reason=unstable_if action=reinterpret pc=0x000001ea61bde770 method=java.util.HashMap.putVal(ILjava/lang/Object;Ljava/lang/Object;ZZ)Ljava/lang/Object; @ 181 c2
Event: 0.598 Thread 0x000001ea505fa000 Uncommon trap: reason=unstable_if action=reinterpret pc=0x000001ea61c02d8c method=org.eclipse.jdt.launching.internal.org.objectweb.asm.ClassReader.readUtf(II[C)Ljava/lang/String; @ 41 c2
Event: 0.598 Thread 0x000001ea505fa000 Uncommon trap: reason=unstable_fused_if action=reinterpret pc=0x000001ea61bffe00 method=org.eclipse.jdt.launching.internal.org.objectweb.asm.ByteVector.putUTF8(Ljava/lang/String;)Lorg/eclipse/jdt/launching/internal/org/objectweb/asm/ByteVector; @ 93 c2
Event: 0.598 Thread 0x000001ea505fa000 Uncommon trap: reason=unstable_fused_if action=reinterpret pc=0x000001ea61bf2c88 method=org.eclipse.jdt.launching.internal.org.objectweb.asm.ByteVector.putUTF8(Ljava/lang/String;)Lorg/eclipse/jdt/launching/internal/org/objectweb/asm/ByteVector; @ 93 c2

Classes redefined (10 events):
Event: 179010.924 Thread 0x000001ea7089f000 redefined class name=com.utils.ReadFile, count=3
Event: 179016.874 Thread 0x000001ea7089f000 redefined class name=com.utils.ReadFile, count=4
Event: 179101.594 Thread 0x000001ea7089f000 redefined class name=com.utils.ReadFile, count=5
Event: 346721.483 Thread 0x000001ea7089f000 redefined class name=com.utils.ReadFile, count=6
Event: 346724.849 Thread 0x000001ea7089f000 redefined class name=com.utils.Utils, count=2
Event: 349216.180 Thread 0x000001ea7089f000 redefined class name=com.utils.ReadFile, count=7
Event: 349231.124 Thread 0x000001ea7089f000 redefined class name=com.utils.Utils, count=3
Event: 349243.869 Thread 0x000001ea7089f000 redefined class name=com.utils.Utils, count=4
Event: 349262.372 Thread 0x000001ea7089f000 redefined class name=com.utils.Utils, count=5
Event: 349265.789 Thread 0x000001ea7089f000 redefined class name=com.utils.Utils, count=6

Internal exceptions (10 events):
Event: 0.544 Thread 0x000001ea505fa000 Exception <a 'java/lang/ClassNotFoundException'{0x00000000893b1ee0}: java/lang/ObjectBeanInfo> (0x00000000893b1ee0) thrown at [t:/workspace/open/src/hotspot/share/classfile/systemDictionary.cpp, line 231]
Event: 0.551 Thread 0x000001ea505fa000 Exception <a 'java/lang/ClassNotFoundException'{0x00000000893ef510}: java/lang/ObjectCustomizer> (0x00000000893ef510) thrown at [t:/workspace/open/src/hotspot/share/classfile/systemDictionary.cpp, line 231]
Event: 0.560 Thread 0x000001ea505fa000 Exception <a 'java/lang/ClassNotFoundException'{0x00000000892284b0}: org/apache/log4j/LayoutCustomizer> (0x00000000892284b0) thrown at [t:/workspace/open/src/hotspot/share/classfile/systemDictionary.cpp, line 231]
Event: 0.563 Thread 0x000001ea505fa000 Exception <a 'java/lang/ClassNotFoundException'{0x000000008924e848}: org/apache/log4j/PatternLayoutCustomizer> (0x000000008924e848) thrown at [t:/workspace/open/src/hotspot/share/classfile/systemDictionary.cpp, line 231]
Event: 0.605 Thread 0x000001ea505fa000 Exception <a 'java/lang/ClassNotFoundException'{0x00000000891ffcc8}: org/apache/log4j/ConsoleAppenderBeanInfo> (0x00000000891ffcc8) thrown at [t:/workspace/open/src/hotspot/share/classfile/systemDictionary.cpp, line 231]
Event: 0.606 Thread 0x000001ea505fa000 Exception <a 'java/lang/ClassNotFoundException'{0x000000008900c7e8}: org/apache/log4j/WriterAppenderBeanInfo> (0x000000008900c7e8) thrown at [t:/workspace/open/src/hotspot/share/classfile/systemDictionary.cpp, line 231]
Event: 0.606 Thread 0x000001ea505fa000 Exception <a 'java/lang/ClassNotFoundException'{0x000000008900e9c0}: org/apache/log4j/AppenderSkeletonBeanInfo> (0x000000008900e9c0) thrown at [t:/workspace/open/src/hotspot/share/classfile/systemDictionary.cpp, line 231]
Event: 0.606 Thread 0x000001ea505fa000 Exception <a 'java/lang/ClassNotFoundException'{0x0000000089010960}: org/apache/log4j/AppenderSkeletonCustomizer> (0x0000000089010960) thrown at [t:/workspace/open/src/hotspot/share/classfile/systemDictionary.cpp, line 231]
Event: 0.608 Thread 0x000001ea505fa000 Exception <a 'java/lang/ClassNotFoundException'{0x0000000089022fe0}: org/apache/log4j/WriterAppenderCustomizer> (0x0000000089022fe0) thrown at [t:/workspace/open/src/hotspot/share/classfile/systemDictionary.cpp, line 231]
Event: 0.610 Thread 0x000001ea505fa000 Exception <a 'java/lang/ClassNotFoundException'{0x000000008902f2e8}: org/apache/log4j/ConsoleAppenderCustomizer> (0x000000008902f2e8) thrown at [t:/workspace/open/src/hotspot/share/classfile/systemDictionary.cpp, line 231]

Events (10 events):
Event: 349265.791 Executing VM operation: GetFrameCount done
Event: 349265.791 Executing VM operation: GetStackTrace
Event: 349265.791 Executing VM operation: GetStackTrace done
Event: 349265.855 Executing VM operation: GetFrameCount
Event: 349265.855 Executing VM operation: GetFrameCount done
Event: 349265.855 Executing VM operation: GetOwnedMonitorInfo
Event: 349265.855 Executing VM operation: GetOwnedMonitorInfo done
Event: 349265.855 Executing VM operation: GetCurrentContendedMonitor
Event: 349265.855 Executing VM operation: GetCurrentContendedMonitor done
Event: 349323.062 Executing VM operation: G1CollectForAllocation


Dynamic libraries:
0x00007ff7efaa0000 - 0x00007ff7efae7000 	D:\Program Files\Java\jdk-11.0.2\bin\javaw.exe
0x00007ffa3ff60000 - 0x00007ffa40150000 	C:\Windows\SYSTEM32\ntdll.dll
0x00007ffa3e040000 - 0x00007ffa3e0f2000 	C:\Windows\System32\KERNEL32.DLL
0x00007ffa3dbe0000 - 0x00007ffa3de83000 	C:\Windows\System32\KERNELBASE.dll
0x00007ffa37f50000 - 0x00007ffa37fdf000 	C:\Windows\SYSTEM32\apphelp.dll
0x00007ffa3fcf0000 - 0x00007ffa3fd93000 	C:\Windows\System32\ADVAPI32.dll
0x00007ffa3fe80000 - 0x00007ffa3ff1e000 	C:\Windows\System32\msvcrt.dll
0x00007ffa3f6d0000 - 0x00007ffa3f767000 	C:\Windows\System32\sechost.dll
0x00007ffa3f0a0000 - 0x00007ffa3f1c0000 	C:\Windows\System32\RPCRT4.dll
0x00007ffa3fb50000 - 0x00007ffa3fce4000 	C:\Windows\System32\USER32.dll
0x00007ffa3cef0000 - 0x00007ffa3cf11000 	C:\Windows\System32\win32u.dll
0x00007ffa3e6a0000 - 0x00007ffa3e6c6000 	C:\Windows\System32\GDI32.dll
0x00007ffa3cf90000 - 0x00007ffa3d124000 	C:\Windows\System32\gdi32full.dll
0x00007ffa3d130000 - 0x00007ffa3d1ce000 	C:\Windows\System32\msvcp_win.dll
0x00007ffa3df10000 - 0x00007ffa3e00a000 	C:\Windows\System32\ucrtbase.dll
0x00007ffa364f0000 - 0x00007ffa36775000 	C:\Windows\WinSxS\amd64_microsoft.windows.common-controls_6595b64144ccf1df_6.0.18362.720_none_e6beb5c51314836b\COMCTL32.dll
0x00007ffa3f1c0000 - 0x00007ffa3f4f6000 	C:\Windows\System32\combase.dll
0x00007ffa39bb0000 - 0x00007ffa39bba000 	C:\Windows\SYSTEM32\VERSION.dll
0x00007ffa3de90000 - 0x00007ffa3df10000 	C:\Windows\System32\bcryptPrimitives.dll
0x00007ffa3f6a0000 - 0x00007ffa3f6ce000 	C:\Windows\System32\IMM32.DLL
0x00007ffa16cb0000 - 0x00007ffa16cc6000 	D:\Program Files\Java\jdk-11.0.2\bin\vcruntime140.dll
0x00007ff9efa30000 - 0x00007ff9efada000 	D:\Program Files\Java\jdk-11.0.2\bin\msvcp140.dll
0x00007ffa053e0000 - 0x00007ffa05f07000 	D:\Program Files\Java\jdk-11.0.2\bin\server\jvm.dll
0x00007ffa3fda0000 - 0x00007ffa3fda8000 	C:\Windows\System32\PSAPI.DLL
0x00007ffa34450000 - 0x00007ffa34459000 	C:\Windows\SYSTEM32\WSOCK32.dll
0x00007ffa3e940000 - 0x00007ffa3e9af000 	C:\Windows\System32\WS2_32.dll
0x00007ffa3b030000 - 0x00007ffa3b054000 	C:\Windows\SYSTEM32\WINMM.dll
0x00007ffa3b000000 - 0x00007ffa3b02d000 	C:\Windows\SYSTEM32\WINMMBASE.dll
0x00007ffa3cf40000 - 0x00007ffa3cf8a000 	C:\Windows\System32\cfgmgr32.dll
0x00007ffa3ce50000 - 0x00007ffa3ce61000 	C:\Windows\System32\kernel.appcore.dll
0x00007ffa16c90000 - 0x00007ffa16ca1000 	D:\Program Files\Java\jdk-11.0.2\bin\verify.dll
0x00007ffa2d540000 - 0x00007ffa2d734000 	C:\Windows\SYSTEM32\DBGHELP.DLL
0x00007ffa2d510000 - 0x00007ffa2d53a000 	C:\Windows\SYSTEM32\dbgcore.DLL
0x00007ffa16880000 - 0x00007ffa168a9000 	D:\Program Files\Java\jdk-11.0.2\bin\java.dll
0x00007ffa0ab90000 - 0x00007ffa0abc7000 	D:\Program Files\Java\jdk-11.0.2\bin\jdwp.dll
0x00007ffa0a7d0000 - 0x00007ffa0a7ff000 	D:\Program Files\Java\jdk-11.0.2\bin\instrument.dll
0x00007ffa169c0000 - 0x00007ffa169d6000 	D:\Program Files\Java\jdk-11.0.2\bin\zip.dll
0x00007ffa34340000 - 0x00007ffa3434a000 	D:\Program Files\Java\jdk-11.0.2\bin\jimage.dll
0x00007ffa3e9b0000 - 0x00007ffa3f095000 	C:\Windows\System32\SHELL32.dll
0x00007ffa3f570000 - 0x00007ffa3f619000 	C:\Windows\System32\shcore.dll
0x00007ffa3d460000 - 0x00007ffa3dbe0000 	C:\Windows\System32\windows.storage.dll
0x00007ffa3cec0000 - 0x00007ffa3cee3000 	C:\Windows\System32\profapi.dll
0x00007ffa3ce70000 - 0x00007ffa3ceba000 	C:\Windows\System32\powrprof.dll
0x00007ffa3ce20000 - 0x00007ffa3ce30000 	C:\Windows\System32\UMPDC.dll
0x00007ffa3f770000 - 0x00007ffa3f7c2000 	C:\Windows\System32\shlwapi.dll
0x00007ffa3cf20000 - 0x00007ffa3cf37000 	C:\Windows\System32\cryptsp.dll
0x00007ffa38130000 - 0x00007ffa3813a000 	D:\Program Files\Java\jdk-11.0.2\bin\dt_socket.dll
0x00007ffa3c630000 - 0x00007ffa3c697000 	C:\Windows\System32\mswsock.dll
0x00007ffa3c390000 - 0x00007ffa3c45a000 	C:\Windows\SYSTEM32\DNSAPI.dll
0x00007ffa3e030000 - 0x00007ffa3e038000 	C:\Windows\System32\NSI.dll
0x00007ffa3c340000 - 0x00007ffa3c37a000 	C:\Windows\SYSTEM32\IPHLPAPI.DLL
0x00007ffa3a480000 - 0x00007ffa3a4f7000 	C:\Windows\System32\fwpuclnt.dll
0x00007ffa3d1d0000 - 0x00007ffa3d1f6000 	C:\Windows\System32\bcrypt.dll
0x00007ffa39360000 - 0x00007ffa3936a000 	C:\Windows\System32\rasadhlp.dll
0x00007ffa16490000 - 0x00007ffa164a9000 	D:\Program Files\Java\jdk-11.0.2\bin\net.dll
0x00007ffa2af10000 - 0x00007ffa2b0e5000 	C:\Windows\SYSTEM32\urlmon.dll
0x00007ffa382a0000 - 0x00007ffa38391000 	C:\Windows\SYSTEM32\WINHTTP.dll
0x00007ffa2d940000 - 0x00007ffa2dbe6000 	C:\Windows\SYSTEM32\iertutil.dll
0x00007ffa3c800000 - 0x00007ffa3c80c000 	C:\Windows\SYSTEM32\CRYPTBASE.DLL
0x00007ffa16320000 - 0x00007ffa16333000 	D:\Program Files\Java\jdk-11.0.2\bin\nio.dll

dbghelp: loaded successfully - version: 4.0.5 - missing functions: none
symbol engine: initialized successfully - sym options: 0x614 - pdb path: .;D:\Program Files\Java\jdk-11.0.2\bin;C:\Windows\SYSTEM32;C:\Windows\WinSxS\amd64_microsoft.windows.common-controls_6595b64144ccf1df_6.0.18362.720_none_e6beb5c51314836b;D:\Program Files\Java\jdk-11.0.2\bin\server

VM Arguments:
jvm_args: -agentlib:jdwp=transport=dt_socket,suspend=y,address=localhost:54703 -javaagent:D:\eclipse\configuration\org.eclipse.osgi\412\0\.cp\lib\javaagent-shaded.jar -Dfile.encoding=UTF-8 
java_command: com.maven.RART.App
java_class_path (initial): C:\Users\hanx\Desktop\123\RART\RART\target\classes;C:\Users\hanx\.m2\repository\commons-lang\commons-lang\2.6\commons-lang-2.6.jar;C:\Users\hanx\.m2\repository\org\freemarker\freemarker\2.3.23\freemarker-2.3.23.jar;C:\Users\hanx\.m2\repository\log4j\log4j\1.2.9\log4j-1.2.9.jar
Launcher Type: SUN_STANDARD

[Global flags]
     intx CICompilerCount                          = 3                                         {product} {ergonomic}
     uint ConcGCThreads                            = 1                                         {product} {ergonomic}
     uint G1ConcRefinementThreads                  = 4                                         {product} {ergonomic}
   size_t G1HeapRegionSize                         = 1048576                                   {product} {ergonomic}
    uintx GCDrainStackTargetSize                   = 64                                        {product} {ergonomic}
   size_t InitialHeapSize                          = 134217728                                 {product} {ergonomic}
   size_t MarkStackSize                            = 4194304                                   {product} {ergonomic}
   size_t MaxHeapSize                              = 2118123520                                {product} {ergonomic}
   size_t MaxNewSize                               = 1270874112                                {product} {ergonomic}
   size_t MinHeapDeltaBytes                        = 1048576                                   {product} {ergonomic}
    uintx NonNMethodCodeHeapSize                   = 5830092                                {pd product} {ergonomic}
    uintx NonProfiledCodeHeapSize                  = 122914074                              {pd product} {ergonomic}
    uintx ProfiledCodeHeapSize                     = 122914074                              {pd product} {ergonomic}
    uintx ReservedCodeCacheSize                    = 251658240                              {pd product} {ergonomic}
     bool SegmentedCodeCache                       = true                                      {product} {ergonomic}
     bool UseCompressedClassPointers               = true                                 {lp64_product} {ergonomic}
     bool UseCompressedOops                        = true                                 {lp64_product} {ergonomic}
     bool UseG1GC                                  = true                                      {product} {ergonomic}
     bool UseLargePagesIndividualAllocation        = false                                  {pd product} {ergonomic}

Logging:
Log output configuration:
 #0: stdout all=warning uptime,level,tags
 #1: stderr all=off uptime,level,tags

Environment Variables:
JAVA_HOME=D:\Program Files\Java\jdk-11.0.2
CLASSPATH=.;D:\Program Files\Java\jdk-11.0.2\lib\dt.jar;D:\Program Files\Java\jdk-11.0.2\lib\tools.jar
PATH=D:/Program Files/Java/jdk-11.0.2/bin/server;D:/Program Files/Java/jdk-11.0.2/bin;D:\Program Files\Java\jdk-11.0.2\bin;C:\Windows\system32;C:\Windows;C:\Windows\System32\Wbem;C:\Windows\System32\WindowsPowerShell\v1.0\;C:\Windows\System32\OpenSSH\;C:\Users\hanx\AppData\Local\Microsoft\WindowsApps;;D:\eclipse;
USERNAME=hanx
OS=Windows_NT
PROCESSOR_IDENTIFIER=Intel64 Family 6 Model 94 Stepping 3, GenuineIntel



---------------  S Y S T E M  ---------------

OS: Windows 10 , 64 bit Build 18362 (10.0.18362.329)

CPU:total 4 (initial active 4) (4 cores per cpu, 1 threads per core) family 6 model 94 stepping 3, cmov, cx8, fxsr, mmx, sse, sse2, sse3, ssse3, sse4.1, sse4.2, popcnt, avx, avx2, aes, clmul, erms, rtm, 3dnowpref, lzcnt, tsc, tscinvbit, bmi1, bmi2, adx, fma

Memory: 4k page, system-wide physical 8077M (2496M free)
TotalPageFile size 13392M (AvailPageFile size 3209M)
current process WorkingSet (physical memory assigned to process): 41M, peak: 86M
current process commit charge ("private bytes"): 205M, peak: 260M

vm_info: Java HotSpot(TM) 64-Bit Server VM (11.0.2+9-LTS) for windows-amd64 JRE (11.0.2+9-LTS), built on Jan 18 2019 05:24:10 by "mach5one" with MS VC++ 15.5 (VS2017)

END.
